<?xml version="1.0" encoding="UTF-8"?>
<testng-results ignored="0" total="1" passed="1" failed="0" skipped="0">
  <reporter-output>
  </reporter-output>
  <suite started-at="2024-10-09T01:39:26 IST" name="Suite" finished-at="2024-10-09T01:39:31 IST" duration-ms="4911">
    <groups>
    </groups>
    <test started-at="2024-10-09T01:39:26 IST" name="Test" finished-at="2024-10-09T01:39:31 IST" duration-ms="4911">
      <class name="com.assignment.fancode.FancodeTest">
        <test-method is-config="true" signature="beforeTest()[pri:0, instance:com.assignment.fancode.FancodeTest@376a0d86]" started-at="2024-10-09T01:39:26 IST" name="beforeTest" finished-at="2024-10-09T01:39:26 IST" duration-ms="179" status="PASS">
          <reporter-output>
          </reporter-output>
        </test-method> <!-- beforeTest -->
        <test-method is-config="true" signature="setUp()[pri:0, instance:com.assignment.fancode.FancodeTest@376a0d86]" started-at="2024-10-09T01:39:26 IST" name="setUp" finished-at="2024-10-09T01:39:27 IST" duration-ms="922" status="PASS">
          <reporter-output>
          </reporter-output>
        </test-method> <!-- setUp -->
        <test-method signature="TaskCompletedMoreThan50PercentTest()[pri:0, instance:com.assignment.fancode.FancodeTest@376a0d86]" started-at="2024-10-09T01:39:27 IST" name="TaskCompletedMoreThan50PercentTest" finished-at="2024-10-09T01:39:30 IST" duration-ms="3383" status="PASS">
          <reporter-output>
          </reporter-output>
        </test-method> <!-- TaskCompletedMoreThan50PercentTest -->
        <test-method is-config="true" signature="getResult(org.testng.ITestResult)[pri:0, instance:com.assignment.fancode.FancodeTest@376a0d86]" started-at="2024-10-09T01:39:30 IST" name="getResult" finished-at="2024-10-09T01:39:30 IST" duration-ms="12" status="PASS">
          <params>
            <param index="0">
              <value>
                <![CDATA[[TestResult name=TaskCompletedMoreThan50PercentTest status=SUCCESS method=FancodeTest.TaskCompletedMoreThan50PercentTest()[pri:0, instance:com.assignment.fancode.FancodeTest@376a0d86] output={null}]]]>
              </value>
            </param>
          </params>
          <reporter-output>
          </reporter-output>
        </test-method> <!-- getResult -->
        <test-method is-config="true" signature="afterTest()[pri:0, instance:com.assignment.fancode.FancodeTest@376a0d86]" started-at="2024-10-09T01:39:30 IST" name="afterTest" finished-at="2024-10-09T01:39:31 IST" duration-ms="367" status="PASS">
          <reporter-output>
          </reporter-output>
        </test-method> <!-- afterTest -->
      </class> <!-- com.assignment.fancode.FancodeTest -->
    </test> <!-- Test -->
  </suite> <!-- Suite -->
</testng-results>
